Arguments: 
  C:\Program Files\nodejs\node.exe C:\Users\Anthony Trejo\AppData\Roaming\npm\node_modules\yarn\bin\yarn.js start

PATH: 
  C:\Program Files\Git\mingw64\bin;C:\Program Files\Git\usr\bin;C:\Users\Anthony Trejo\bin;C:\Program Files (x86)\Common Files\Oracle\Java\javapath;C:\ProgramData\Oracle\Java\javapath;C:\Program Files (x86)\Intel\Intel(R) Management Engine Components\iCLS;C:\Program Files\Intel\Intel(R) Management Engine Components\iCLS;C:\WINDOWS\system32;C:\WINDOWS;C:\WINDOWS\System32\Wbem;C:\WINDOWS\System32\WindowsPowerShell\v1.0;C:\Program Files (x86)\Intel\Intel(R) Management Engine Components\DAL;C:\Program Files\Intel\Intel(R) Management Engine Components\DAL;C:\Program Files (x86)\Intel\Intel(R) Management Engine Components\IPT;C:\Program Files\Intel\Intel(R) Management Engine Components\IPT;C:\Program Files\nodejs;C:\Program Files\Git\cmd;C:\Program Files\MongoDB\Server\3.6\bin;C:\WINDOWS\System32\OpenSSH;C:\Users\Anthony Trejo\AppData\Local\Microsoft\WindowsApps;C:\Users\Anthony Trejo\AppData\Roaming\npm;C:\Program Files\Microsoft VS Code\bin;C:\Program Files\Heroku\bin

Yarn version: 
  1.5.1

Node version: 
  9.10.1

Platform: 
  win32 x64

npm manifest: 
  {
    "name": "wave",
    "version": "1.0.0",
    "description": "social network for political campaigns",
    "main": "server.js",
    "scripts": {
      "start": "node server.js",
      "server": "nodemon server.js"
    },
    "repository": {
      "type": "git",
      "url": "git+https://github.com/TonyTrejo/wave.git"
    },
    "author": "Anthony Trejo",
    "license": "ISC",
    "bugs": {
      "url": "https://github.com/TonyTrejo/wave/issues"
    },
    "homepage": "https://github.com/TonyTrejo/wave#readme",
    "dependencies": {
      "bcryptjs": "^2.4.3",
      "body-parser": "^1.18.2",
      "express": "^4.16.3",
      "jsonwebtoken": "^8.2.1",
      "mongoose": "^5.0.17",
      "nodemon": "^1.17.3",
      "passport": "^0.4.0",
      "passport-jwt": "^4.0.0",
      "validator": "^9.4.1"
    }
  }

yarn manifest: 
  No manifest

Lockfile: 
  No lockfile

Trace: 
  Error: Command failed.
  Exit code: 1
  Command: C:\WINDOWS\system32\cmd.exe
  Arguments: /d /s /c node server.js
  Directory: C:\Users\Anthony Trejo\Documents\Coding Projects\wave
  Output:
  
      at ProcessTermError.MessageError (C:\Users\Anthony Trejo\AppData\Roaming\npm\node_modules\yarn\lib\cli.js:186:110)
      at new ProcessTermError (C:\Users\Anthony Trejo\AppData\Roaming\npm\node_modules\yarn\lib\cli.js:226:113)
      at ChildProcess.<anonymous> (C:\Users\Anthony Trejo\AppData\Roaming\npm\node_modules\yarn\lib\cli.js:30281:17)
      at ChildProcess.emit (events.js:180:13)
      at maybeClose (internal/child_process.js:936:16)
      at Process.ChildProcess._handle.onexit (internal/child_process.js:220:5)
